2020-07-09 21:27:04,468 INFO init tab
2020-07-09 21:27:20,756 INFO init tab
2020-07-09 21:29:26,140 INFO init tab
2020-07-09 21:30:25,453 INFO init tab
2020-07-09 21:30:43,848 INFO init tab
2020-07-09 21:30:48,167 INFO init tab
2020-07-09 21:31:12,315 INFO init tab
2020-07-09 21:32:20,140 INFO init tab
2020-07-09 21:32:20,140 INFO ['E', 'A', 'D', 'G', 'B', 'e']: 0
2020-07-09 21:32:20,140 INFO ['E', 'A', 'D', 'G', 'B', 'e']: 1
2020-07-09 21:32:20,140 INFO ['E', 'A', 'D', 'G', 'B', 'e']: 2
2020-07-09 21:32:20,140 INFO ['E', 'A', 'D', 'G', 'B', 'e']: 3
2020-07-09 21:32:20,140 INFO ['E', 'A', 'D', 'G', 'B', 'e']: 4
2020-07-09 21:32:20,140 INFO ['E', 'A', 'D', 'G', 'B', 'e']: 5
2020-07-09 21:33:53,842 INFO init tab
2020-07-09 21:33:53,842 INFO ['E', 'A', 'D', 'G', 'B', 'e']: 0, E
2020-07-09 21:33:53,842 INFO ['E', 'A', 'D', 'G', 'B', 'e']: 1, A
2020-07-09 21:33:53,842 INFO ['E', 'A', 'D', 'G', 'B', 'e']: 2, D
2020-07-09 21:33:53,842 INFO ['E', 'A', 'D', 'G', 'B', 'e']: 3, G
2020-07-09 21:33:53,842 INFO ['E', 'A', 'D', 'G', 'B', 'e']: 4, B
2020-07-09 21:33:53,842 INFO ['E', 'A', 'D', 'G', 'B', 'e']: 5, e
2020-07-09 21:35:25,343 INFO init tab
2020-07-09 21:35:25,343 INFO ['E', 'A', 'D', 'G', 'B', 'e']: 0, E
2020-07-09 21:35:25,343 INFO ['E', 'A', 'D', 'G', 'B', 'e']: 1, A
2020-07-09 21:35:25,343 INFO ['E', 'A', 'D', 'G', 'B', 'e']: 2, D
2020-07-09 21:35:25,343 INFO ['E', 'A', 'D', 'G', 'B', 'e']: 3, G
2020-07-09 21:35:25,343 INFO ['E', 'A', 'D', 'G', 'B', 'e']: 4, B
2020-07-09 21:35:25,343 INFO ['E', 'A', 'D', 'G', 'B', 'e']: 5, e
2020-07-09 21:35:25,343 INFO ['e|------------------|', 'B|------------------|', 'G|------------------|', 'D|------------------|', 'A|------------------|', 'E|------------------|']
2020-07-09 21:35:25,343 INFO ['------------------|', '------------------|', '------------------|', '------------------|', '------------------|', '------------------|']
2020-07-09 21:35:25,344 INFO ['------------------|', '------------------|', '------------------|', '------------------|', '------------------|', '------------------|']
2020-07-09 21:35:25,344 INFO ['------------------|', '------------------|', '------------------|', '------------------|', '------------------|', '------------------|']
2020-07-09 21:36:26,082 INFO init tab
2020-07-09 21:36:26,082 INFO ['E', 'A', 'D', 'G', 'B', 'e']: 0, E
2020-07-09 21:36:26,082 INFO ['E', 'A', 'D', 'G', 'B', 'e']: 1, A
2020-07-09 21:36:26,082 INFO ['E', 'A', 'D', 'G', 'B', 'e']: 2, D
2020-07-09 21:36:26,082 INFO ['E', 'A', 'D', 'G', 'B', 'e']: 3, G
2020-07-09 21:36:26,082 INFO ['E', 'A', 'D', 'G', 'B', 'e']: 4, B
2020-07-09 21:36:26,082 INFO ['E', 'A', 'D', 'G', 'B', 'e']: 5, e
2020-07-09 21:36:26,082 INFO ['e|------------------|', 'B|------------------|', 'G|------------------|', 'D|------------------|', 'A|------------------|', 'E|------------------|']
2020-07-09 21:36:26,083 INFO e|------------------|
2020-07-09 21:36:26,083 INFO e|------------------|
2020-07-09 21:36:26,083 INFO e|------------------|
2020-07-09 21:36:26,083 INFO e|------------------|
2020-07-09 21:36:26,083 INFO e|------------------|
2020-07-09 21:36:26,083 INFO e|------------------|
2020-07-09 21:36:26,083 INFO ['------------------|', '------------------|', '------------------|', '------------------|', '------------------|', '------------------|']
2020-07-09 21:36:26,083 INFO ------------------|
2020-07-09 21:36:26,083 INFO ------------------|
2020-07-09 21:36:26,083 INFO ------------------|
2020-07-09 21:36:26,083 INFO ------------------|
2020-07-09 21:36:26,083 INFO ------------------|
2020-07-09 21:36:26,083 INFO ------------------|
2020-07-09 21:36:26,083 INFO ['------------------|', '------------------|', '------------------|', '------------------|', '------------------|', '------------------|']
2020-07-09 21:36:26,084 INFO ------------------|
2020-07-09 21:36:26,084 INFO ------------------|
2020-07-09 21:36:26,084 INFO ------------------|
2020-07-09 21:36:26,084 INFO ------------------|
2020-07-09 21:36:26,084 INFO ------------------|
2020-07-09 21:36:26,084 INFO ------------------|
2020-07-09 21:36:26,084 INFO ['------------------|', '------------------|', '------------------|', '------------------|', '------------------|', '------------------|']
2020-07-09 21:36:26,084 INFO ------------------|
2020-07-09 21:36:26,084 INFO ------------------|
2020-07-09 21:36:26,084 INFO ------------------|
2020-07-09 21:36:26,084 INFO ------------------|
2020-07-09 21:36:26,084 INFO ------------------|
2020-07-09 21:36:26,084 INFO ------------------|
2020-07-09 21:36:47,448 INFO init tab
2020-07-09 21:36:47,448 INFO ['E', 'A', 'D', 'G', 'B', 'e']: 0, E
2020-07-09 21:36:47,448 INFO ['E', 'A', 'D', 'G', 'B', 'e']: 1, A
2020-07-09 21:36:47,449 INFO ['E', 'A', 'D', 'G', 'B', 'e']: 2, D
2020-07-09 21:36:47,449 INFO ['E', 'A', 'D', 'G', 'B', 'e']: 3, G
2020-07-09 21:36:47,449 INFO ['E', 'A', 'D', 'G', 'B', 'e']: 4, B
2020-07-09 21:36:47,449 INFO ['E', 'A', 'D', 'G', 'B', 'e']: 5, e
2020-07-09 21:36:47,449 INFO ['e|------------------|', 'B|------------------|', 'G|------------------|', 'D|------------------|', 'A|------------------|', 'E|------------------|']
2020-07-09 21:36:47,449 INFO e|------------------|
2020-07-09 21:36:47,449 INFO B|------------------|
2020-07-09 21:36:47,449 INFO G|------------------|
2020-07-09 21:36:47,449 INFO D|------------------|
2020-07-09 21:36:47,449 INFO A|------------------|
2020-07-09 21:36:47,449 INFO E|------------------|
2020-07-09 21:36:47,449 INFO ['------------------|', '------------------|', '------------------|', '------------------|', '------------------|', '------------------|']
2020-07-09 21:36:47,449 INFO ------------------|
2020-07-09 21:36:47,449 INFO ------------------|
2020-07-09 21:36:47,449 INFO ------------------|
2020-07-09 21:36:47,449 INFO ------------------|
2020-07-09 21:36:47,449 INFO ------------------|
2020-07-09 21:36:47,449 INFO ------------------|
2020-07-09 21:36:47,449 INFO ['------------------|', '------------------|', '------------------|', '------------------|', '------------------|', '------------------|']
2020-07-09 21:36:47,449 INFO ------------------|
2020-07-09 21:36:47,449 INFO ------------------|
2020-07-09 21:36:47,449 INFO ------------------|
2020-07-09 21:36:47,449 INFO ------------------|
2020-07-09 21:36:47,450 INFO ------------------|
2020-07-09 21:36:47,450 INFO ------------------|
2020-07-09 21:36:47,450 INFO ['------------------|', '------------------|', '------------------|', '------------------|', '------------------|', '------------------|']
2020-07-09 21:36:47,450 INFO ------------------|
2020-07-09 21:36:47,450 INFO ------------------|
2020-07-09 21:36:47,450 INFO ------------------|
2020-07-09 21:36:47,450 INFO ------------------|
2020-07-09 21:36:47,450 INFO ------------------|
2020-07-09 21:36:47,450 INFO ------------------|
2020-07-09 21:37:05,557 INFO init tab
2020-07-09 21:37:44,391 INFO init tab
2020-07-09 21:37:52,640 INFO init tab
2020-07-09 21:38:12,683 INFO init tab
2020-07-09 22:57:22,279 INFO init tab
2020-07-09 22:58:01,655 INFO init tab
2020-07-09 23:00:55,037 INFO init tab
2020-07-09 23:01:09,169 INFO init tab
2020-07-09 23:01:56,297 INFO init tab
2020-07-09 23:02:14,684 INFO init tab
